TN:
SF:src/chat.ts
FNF:22
FNH:20
DA:12,41
DA:13,73
DA:51,18
DA:52,34
DA:53,4
DA:54,32
DA:55,30
DA:56,25
DA:57,25
DA:58,21
DA:59,5
DA:60,13
DA:61,2
DA:62,83
DA:63,19
DA:64,2
DA:65,4
DA:66,25
DA:67,30
DA:68,27
DA:69,27
DA:70,5
DA:71,16
DA:72,2
DA:73,58
DA:74,22
DA:75,2
DA:76,17
DA:82,1
DA:83,9
DA:84,10
DA:85,3
DA:86,11
DA:87,9
DA:88,15
DA:89,21
DA:90,43
DA:91,30
DA:92,8
DA:93,22
DA:95,2
DA:98,15
DA:99,33
DA:100,35
DA:101,32
DA:102,37
DA:106,27
DA:108,28
DA:109,23
DA:110,32
DA:111,35
DA:114,47
DA:115,23
DA:116,23
DA:117,33
DA:118,26
DA:119,38
DA:120,7
DA:121,8
DA:122,12
DA:123,10
DA:124,9
DA:125,12
DA:126,9
DA:127,78
DA:128,31
DA:129,52
DA:130,8
DA:131,59
DA:132,42
DA:133,16
DA:134,37
DA:135,37
DA:136,38
DA:137,30
DA:138,25
DA:139,11
DA:140,34
DA:142,32
DA:143,56
DA:144,51
DA:145,52
DA:146,39
DA:147,10
DA:148,10
DA:149,45
DA:150,49
DA:151,8
DA:152,18
DA:153,27
DA:154,59
DA:155,6
DA:157,6
DA:158,22
DA:159,35
DA:160,13
DA:161,46
DA:163,19
DA:164,29
DA:165,4
DA:166,21
DA:167,33
DA:168,4
DA:173,21
DA:174,31
DA:175,4
DA:176,53
DA:177,35
DA:178,43
DA:179,4
DA:180,43
DA:181,54
DA:182,4
DA:183,30
DA:184,63
DA:185,4
DA:186,15
DA:189,10
DA:190,23
DA:191,49
DA:192,27
DA:193,6
DA:194,38
DA:197,33
DA:201,36
DA:202,25
DA:203,26
DA:205,11
DA:206,27
DA:207,75
DA:208,49
DA:209,9
DA:210,39
DA:212,35
DA:213,33
DA:214,23
DA:215,60
DA:216,22
DA:217,32
DA:218,27
DA:219,47
DA:220,15
DA:221,12
DA:222,5
DA:223,5
DA:224,29
DA:225,4
DA:226,34
DA:227,45
DA:228,42
DA:229,41
DA:230,15
DA:231,31
DA:232,22
DA:233,35
DA:234,27
DA:235,40
DA:236,15
DA:237,12
DA:238,5
DA:239,5
DA:240,26
DA:241,50
DA:242,18
DA:243,12
DA:244,52
DA:245,19
DA:246,12
DA:247,42
DA:248,4
DA:249,32
DA:250,35
DA:251,34
DA:252,17
DA:253,46
DA:254,24
DA:255,35
DA:256,29
DA:257,43
DA:258,38
DA:259,43
DA:260,17
DA:261,10
DA:262,28
DA:263,37
DA:264,11
DA:265,17
DA:269,24
DA:270,37
DA:271,29
DA:272,35
DA:273,17
DA:274,13
DA:275,12
DA:276,5
DA:277,5
DA:278,21
DA:279,52
DA:280,19
DA:281,12
DA:282,42
DA:283,4
DA:284,35
DA:285,44
DA:286,39
DA:287,17
DA:288,24
DA:289,38
DA:290,29
DA:291,52
DA:292,72
DA:293,52
DA:294,17
DA:295,12
DA:296,12
DA:297,5
DA:298,5
DA:299,23
DA:300,60
DA:301,71
DA:302,22
DA:303,30
DA:304,27
DA:305,51
DA:306,21
DA:307,15
DA:308,12
DA:309,20
DA:310,27
DA:311,25
DA:312,18
DA:313,17
DA:314,58
DA:315,60
DA:316,71
DA:317,3
DA:318,18
DA:319,48
DA:320,15
DA:321,28
DA:322,27
DA:323,5
DA:324,0
DA:326,6
DA:328,6
DA:329,23
DA:331,73
DA:332,5
DA:333,19
DA:334,55
DA:335,14
DA:336,22
DA:337,19
DA:338,43
DA:339,13
DA:340,9
DA:341,23
DA:342,76
DA:343,13
DA:344,7
DA:345,21
DA:346,39
DA:347,42
DA:348,36
DA:349,8
DA:353,11
DA:354,48
DA:355,13
DA:356,27
DA:357,49
DA:358,3
DA:361,11
DA:362,62
DA:363,19
DA:364,51
DA:365,26
DA:366,3
DA:369,8
DA:370,27
DA:373,12
DA:374,15
DA:375,16
DA:376,29
DA:377,15
DA:378,40
DA:379,53
DA:380,1
LF:287
LH:286
end_of_record
TN:
SF:src/content.ts
FNF:6
FNH:6
DA:17,17
DA:18,56
DA:19,19
DA:20,14
DA:21,37
DA:22,22
DA:23,8
DA:24,2
DA:25,24
DA:26,19
DA:27,32
DA:28,35
DA:29,2
DA:35,14
DA:36,21
DA:37,9
DA:38,2
DA:39,33
DA:40,52
DA:41,2
DA:42,29
DA:43,52
DA:44,2
DA:45,17
DA:46,29
DA:47,20
DA:48,65
DA:49,48
DA:50,62
DA:51,30
DA:56,4
DA:57,25
DA:58,38
DA:59,29
DA:60,9
DA:61,20
DA:62,24
DA:63,21
DA:64,27
DA:65,39
DA:66,24
DA:67,9
DA:68,9
DA:69,15
DA:70,66
DA:72,13
DA:73,63
DA:75,2
DA:76,10
LF:49
LH:49
end_of_record
TN:
SF:src/guard.ts
FNF:6
FNH:6
DA:13,71
DA:14,27
DA:15,3
DA:16,42
DA:17,58
DA:18,74
DA:19,12
DA:20,3
DA:21,2
DA:26,13
DA:27,38
DA:34,24
DA:35,27
DA:36,24
DA:37,22
DA:38,34
DA:39,21
DA:40,21
DA:41,21
DA:42,21
DA:43,32
DA:44,34
DA:45,21
DA:46,27
DA:47,26
DA:48,2
DA:50,18
DA:51,23
DA:52,91
DA:53,33
DA:54,2
DA:59,72
DA:61,16
DA:62,39
DA:63,31
DA:64,53
DA:65,12
DA:66,2
DA:67,2
DA:68,10
DA:73,6
DA:74,10
DA:75,7
DA:76,10
DA:77,14
DA:78,3
DA:79,36
DA:80,45
DA:81,83
DA:82,14
DA:83,20
DA:84,72
DA:85,1
DA:86,2
DA:87,48
DA:88,49
DA:89,18
DA:93,45
DA:94,13
DA:95,40
DA:96,15
DA:97,20
DA:99,4
DA:100,23
DA:104,72
DA:105,16
DA:106,22
DA:107,101
DA:108,1
DA:109,4
DA:110,67
DA:111,73
DA:112,2
DA:113,2
DA:114,25
LF:75
LH:75
end_of_record
TN:
SF:src/main.ts
FNF:8
FNH:7
DA:5,37
DA:6,44
DA:7,48
DA:9,55
DA:10,42
DA:25,6
DA:26,5
DA:27,21
DA:28,3
DA:29,39
DA:30,44
DA:31,15
DA:32,2
DA:33,57
DA:34,22
DA:35,13
DA:36,4
DA:37,42
DA:38,29
DA:39,16
DA:40,2
DA:41,2
DA:42,7
DA:45,15
DA:48,36
DA:49,39
DA:53,59
DA:54,37
DA:56,13
DA:57,53
DA:60,11
DA:61,47
DA:64,35
DA:65,26
DA:66,9
DA:67,8
DA:68,60
DA:69,5
DA:71,70
DA:73,28
DA:74,30
DA:75,6
DA:76,4
DA:77,12
DA:78,11
DA:79,36
DA:80,19
DA:81,77
DA:82,10
DA:84,29
DA:85,15
DA:86,0
DA:88,10
DA:89,10
DA:90,16
DA:91,33
DA:92,10
DA:93,30
DA:94,46
DA:95,10
DA:96,15
DA:97,29
DA:98,7
DA:100,4
DA:102,44
DA:103,32
DA:104,4
DA:106,15
DA:107,17
LF:69
LH:68
end_of_record
TN:
SF:src/protocol.ts
FNF:6
FNH:6
DA:6,58
DA:102,26
DA:103,74
DA:106,6
DA:107,8
DA:108,9
DA:109,10
DA:110,3
DA:111,69
DA:112,46
DA:113,42
DA:114,12
DA:115,2
DA:116,40
DA:121,24
DA:122,40
DA:123,17
DA:124,14
DA:125,2
DA:126,71
DA:131,23
DA:132,30
DA:133,24
DA:134,29
DA:135,2
DA:136,34
DA:137,17
DA:138,16
DA:139,29
DA:140,35
DA:141,67
DA:142,40
DA:143,4
DA:144,46
DA:145,43
DA:146,4
DA:147,29
DA:148,2
DA:149,28
DA:152,7
DA:153,28
DA:158,10
DA:159,19
DA:160,30
DA:161,15
DA:162,74
DA:163,66
DA:164,6
DA:165,44
DA:166,49
DA:167,6
DA:168,85
DA:169,42
DA:170,50
DA:171,6
DA:172,6
DA:173,10
DA:174,5
DA:175,30
DA:176,39
DA:177,45
DA:178,70
DA:179,6
DA:180,4
DA:181,20
DA:182,68
DA:183,9
DA:184,79
DA:185,6
DA:186,10
DA:187,5
DA:188,16
DA:189,42
DA:190,53
DA:191,6
DA:192,10
DA:193,5
DA:194,13
DA:195,37
DA:197,63
LF:80
LH:80
end_of_record
